<?xml version="1.0" encoding="UTF-8"?>
<!-- Generated by org.testng.reporters.JUnitReportReporter -->
<testsuite skipped="0" hostname="DESKTOP-89OTHQ5" name="com.utility.PropertiesUtility" tests="1" failures="0" timestamp="18 Dec 2021 03:13:42 GMT" time="0.045" errors="0">
  <testcase name="test01" time="0.045" classname="com.utility.PropertiesUtility"/>
</testsuite> <!-- com.utility.PropertiesUtility -->
