<?xml version="1.0" encoding="UTF-8"?>
<!-- Generated by org.testng.reporters.JUnitReportReporter -->
<testsuite skipped="0" hostname="DESKTOP-89OTHQ5" name="com.base.BaseClass" tests="1" failures="0" timestamp="18 Dec 2021 03:35:17 GMT" time="24.567" errors="0">
  <testcase name="test01" time="24.567" classname="com.base.BaseClass"/>
</testsuite> <!-- com.base.BaseClass -->
